Copyright 1986-2022 Xilinx, Inc. All Rights Reserved.
--------------------------------------------------------------------------------------
| Tool Version : Vivado v.2022.1 (lin64) Build 3526262 Mon Apr 18 15:47:01 MDT 2022
| Date         : Sat Jun  7 21:57:53 2025
| Host         : xilinxlab08 running 64-bit Rocky Linux release 8.10 (Green Obsidian)
| Command      : upgrade_ip
| Device       : xc7a100tcsg324-1
--------------------------------------------------------------------------------------

Upgrade Log for IP 'cpm_smartconnect_0_0'

1. Summary
----------

SUCCESS in the upgrade of cpm_smartconnect_0_0 (xilinx.com:ip:smartconnect:1.0) from (Rev. 11) to (Rev. 18)

After upgrade, an IP may have parameter and port differences compared to the original customization. Please review the parameters within the IP customization GUI to ensure proper functionality. Also, please review the updated IP instantiation template to ensure proper connectivity, and update your design if required.

2. Connection and Interface Information
---------------------------------------

Connection and Interface information can not be compared for deferred elaboration IPs.
cpm_smartconnect_0_0 may have connection or interface changes.







Copyright 1986-2022 Xilinx, Inc. All Rights Reserved.
--------------------------------------------------------------------------------------
| Tool Version : Vivado v.2022.1 (lin64) Build 3526262 Mon Apr 18 15:47:01 MDT 2022
| Date         : Sat Jun  7 21:57:53 2025
| Host         : xilinxlab08 running 64-bit Rocky Linux release 8.10 (Green Obsidian)
| Command      : upgrade_ip
| Device       : xc7a100tcsg324-1
--------------------------------------------------------------------------------------

Upgrade Log for IP 'cpm_reset_inv_0_0'

1. Summary
----------

SUCCESS in the upgrade of cpm_reset_inv_0_0 (xilinx.com:ip:util_vector_logic:2.0) from (Rev. 1) to (Rev. 2)






Copyright 1986-2022 Xilinx, Inc. All Rights Reserved.
--------------------------------------------------------------------------------------
| Tool Version : Vivado v.2022.1 (lin64) Build 3526262 Mon Apr 18 15:47:01 MDT 2022
| Date         : Sat Jun  7 21:57:52 2025
| Host         : xilinxlab08 running 64-bit Rocky Linux release 8.10 (Green Obsidian)
| Command      : upgrade_ip
| Device       : xc7a100tcsg324-1
--------------------------------------------------------------------------------------

Upgrade Log for IP 'cpm_jtag_axi_0_0'

1. Summary
----------

SUCCESS in the upgrade of cpm_jtag_axi_0_0 (xilinx.com:ip:jtag_axi:1.2) from (Rev. 9) to (Rev. 15)






Copyright 1986-2022 Xilinx, Inc. All Rights Reserved.
--------------------------------------------------------------------------------------
| Tool Version : Vivado v.2022.1 (lin64) Build 3526262 Mon Apr 18 15:47:01 MDT 2022
| Date         : Sat Jun  7 21:57:52 2025
| Host         : xilinxlab08 running 64-bit Rocky Linux release 8.10 (Green Obsidian)
| Command      : upgrade_ip
| Device       : xc7a100tcsg324-1
--------------------------------------------------------------------------------------

Upgrade Log for IP 'cpm_ila_0_0'

1. Summary
----------

SUCCESS in the upgrade of cpm_ila_0_0 (xilinx.com:ip:ila:6.2) from (Rev. 9) to (Rev. 12)






Copyright 1986-2022 Xilinx, Inc. All Rights Reserved.
--------------------------------------------------------------------------------------
| Tool Version : Vivado v.2022.1 (lin64) Build 3526262 Mon Apr 18 15:47:01 MDT 2022
| Date         : Sat Jun  7 21:57:52 2025
| Host         : xilinxlab08 running 64-bit Rocky Linux release 8.10 (Green Obsidian)
| Command      : upgrade_ip
| Device       : xc7a100tcsg324-1
--------------------------------------------------------------------------------------

Upgrade Log for IP 'cpm_clk_wiz_0'

1. Summary
----------

SUCCESS in the upgrade of cpm_clk_wiz_0 (xilinx.com:ip:clk_wiz:6.0) from (Rev. 3) to (Rev. 10)






Copyright 1986-2022 Xilinx, Inc. All Rights Reserved.
--------------------------------------------------------------------------------------
| Tool Version : Vivado v.2022.1 (lin64) Build 3526262 Mon Apr 18 15:47:01 MDT 2022
| Date         : Sat Jun  7 21:57:52 2025
| Host         : xilinxlab08 running 64-bit Rocky Linux release 8.10 (Green Obsidian)
| Command      : upgrade_ip
| Device       : xc7a100tcsg324-1
--------------------------------------------------------------------------------------

Upgrade Log for IP 'cpm_blk_mem_gen_0_0'

1. Summary
----------

SUCCESS in the upgrade of cpm_blk_mem_gen_0_0 (xilinx.com:ip:blk_mem_gen:8.4) from (Rev. 3) to (Rev. 5)






Copyright 1986-2022 Xilinx, Inc. All Rights Reserved.
--------------------------------------------------------------------------------------
| Tool Version : Vivado v.2022.1 (lin64) Build 3526262 Mon Apr 18 15:47:01 MDT 2022
| Date         : Sat Jun  7 21:57:52 2025
| Host         : xilinxlab08 running 64-bit Rocky Linux release 8.10 (Green Obsidian)
| Command      : upgrade_ip
| Device       : xc7a100tcsg324-1
--------------------------------------------------------------------------------------

Upgrade Log for IP 'cpm_axi_gpio_1_0'

1. Summary
----------

SUCCESS in the upgrade of cpm_axi_gpio_1_0 (xilinx.com:ip:axi_gpio:2.0) from (Rev. 21) to (Rev. 28)






Copyright 1986-2022 Xilinx, Inc. All Rights Reserved.
--------------------------------------------------------------------------------------
| Tool Version : Vivado v.2022.1 (lin64) Build 3526262 Mon Apr 18 15:47:01 MDT 2022
| Date         : Sat Jun  7 21:57:52 2025
| Host         : xilinxlab08 running 64-bit Rocky Linux release 8.10 (Green Obsidian)
| Command      : upgrade_ip
| Device       : xc7a100tcsg324-1
--------------------------------------------------------------------------------------

Upgrade Log for IP 'cpm_axi_gpio_0_0'

1. Summary
----------

SUCCESS in the upgrade of cpm_axi_gpio_0_0 (xilinx.com:ip:axi_gpio:2.0) from (Rev. 21) to (Rev. 28)






Copyright 1986-2022 Xilinx, Inc. All Rights Reserved.
--------------------------------------------------------------------------------------
| Tool Version : Vivado v.2022.1 (lin64) Build 3526262 Mon Apr 18 15:47:01 MDT 2022
| Date         : Sat Jun  7 21:57:52 2025
| Host         : xilinxlab08 running 64-bit Rocky Linux release 8.10 (Green Obsidian)
| Command      : upgrade_ip
| Device       : xc7a100tcsg324-1
--------------------------------------------------------------------------------------

Upgrade Log for IP 'cpm_axi_bram_ctrl_0_0'

1. Summary
----------

SUCCESS in the upgrade of cpm_axi_bram_ctrl_0_0 (xilinx.com:ip:axi_bram_ctrl:4.1) from (Rev. 1) to (Rev. 6)

2. Upgrade messages
-------------------

WARNING: upgrade cannot remove parameter C_SELECT_XPM : there is no parameter called C_SELECT_XPM in axi_bram_ctrl_v4_1

