
*** Running vivado
    with args -log cpm_ila_0_0.vds -m64 -product Vivado -mode batch -messageDb vivado.pb -notrace -source cpm_ila_0_0.tcl


****** Vivado v2022.1 (64-bit)
  **** SW Build 3526262 on Mon Apr 18 15:47:01 MDT 2022
  **** IP Build 3524634 on Mon Apr 18 20:55:01 MDT 2022
    ** Copyright 1986-2022 Xilinx, Inc. All Rights Reserved.

source cpm_ila_0_0.tcl -notrace
create_project: Time (s): cpu = 00:00:10 ; elapsed = 00:00:11 . Memory (MB): peak = 3106.055 ; gain = 2.016 ; free physical = 4188 ; free virtual = 20242
Command: synth_design -top cpm_ila_0_0 -part xc7a100tcsg324-1 -incremental_mode off -mode out_of_context
Starting synth_design
Attempting to get a license for feature 'Synthesis' and/or device 'xc7a100t'
INFO: [Common 17-349] Got license for feature 'Synthesis' and/or device 'xc7a100t'
INFO: [Device 21-403] Loading part xc7a100tcsg324-1
INFO: [Synth 8-7079] Multithreading enabled for synth_design using a maximum of 4 processes.
INFO: [Synth 8-7078] Launching helper process for spawning children vivado processes
INFO: [Synth 8-7075] Helper process launched with PID 1399955
WARNING: [Synth 8-9501] generate block is allowed only inside loop and conditional generate in SystemVerilog mode [/ece/Xilinx/Vivado/2022.1/data/ip/xpm/xpm_fifo/hdl/xpm_fifo.sv:4023]
WARNING: [Synth 8-9889] parameter declaration is not allowed here in this mode of verilog [/home/cameronbarrett/ece194bb/project/final.gen/sources_1/bd/cpm/ipshared/fd26/hdl/ila_v6_2_syn_rfs.v:4527]
WARNING: [Synth 8-9889] parameter declaration is not allowed here in this mode of verilog [/home/cameronbarrett/ece194bb/project/final.gen/sources_1/bd/cpm/ipshared/fd26/hdl/ila_v6_2_syn_rfs.v:4528]
WARNING: [Synth 8-9889] parameter declaration is not allowed here in this mode of verilog [/home/cameronbarrett/ece194bb/project/final.gen/sources_1/bd/cpm/ipshared/fd26/hdl/ila_v6_2_syn_rfs.v:4529]
WARNING: [Synth 8-9889] parameter declaration is not allowed here in this mode of verilog [/home/cameronbarrett/ece194bb/project/final.gen/sources_1/bd/cpm/ipshared/fd26/hdl/ila_v6_2_syn_rfs.v:4530]
WARNING: [Synth 8-9889] parameter declaration is not allowed here in this mode of verilog [/home/cameronbarrett/ece194bb/project/final.gen/sources_1/bd/cpm/ipshared/fd26/hdl/ila_v6_2_syn_rfs.v:4531]
WARNING: [Synth 8-9889] parameter declaration is not allowed here in this mode of verilog [/home/cameronbarrett/ece194bb/project/final.gen/sources_1/bd/cpm/ipshared/fd26/hdl/ila_v6_2_syn_rfs.v:4532]
WARNING: [Synth 8-9889] parameter declaration is not allowed here in this mode of verilog [/home/cameronbarrett/ece194bb/project/final.gen/sources_1/bd/cpm/ipshared/fd26/hdl/ila_v6_2_syn_rfs.v:4586]
WARNING: [Synth 8-9889] parameter declaration is not allowed here in this mode of verilog [/home/cameronbarrett/ece194bb/project/final.gen/sources_1/bd/cpm/ipshared/fd26/hdl/ila_v6_2_syn_rfs.v:4587]
WARNING: [Synth 8-9889] parameter declaration is not allowed here in this mode of verilog [/home/cameronbarrett/ece194bb/project/final.gen/sources_1/bd/cpm/ipshared/fd26/hdl/ila_v6_2_syn_rfs.v:4588]
WARNING: [Synth 8-9889] parameter declaration is not allowed here in this mode of verilog [/home/cameronbarrett/ece194bb/project/final.gen/sources_1/bd/cpm/ipshared/fd26/hdl/ila_v6_2_syn_rfs.v:5486]
---------------------------------------------------------------------------------
Starting RTL Elaboration : Time (s): cpu = 00:00:07 ; elapsed = 00:00:08 . Memory (MB): peak = 3110.227 ; gain = 0.000 ; free physical = 3220 ; free virtual = 19303
---------------------------------------------------------------------------------
INFO: [Synth 8-6157] synthesizing module 'cpm_ila_0_0' [/home/cameronbarrett/ece194bb/project/final.gen/sources_1/bd/cpm/ip/cpm_ila_0_0/synth/cpm_ila_0_0.v:48]
INFO: [Synth 8-6157] synthesizing module 'CFGLUT5' [/ece/Xilinx/Vivado/2022.1/scripts/rt/data/unisim_comp.v:1523]
INFO: [Synth 8-6155] done synthesizing module 'CFGLUT5' (0#1) [/ece/Xilinx/Vivado/2022.1/scripts/rt/data/unisim_comp.v:1523]
INFO: [Synth 8-6157] synthesizing module 'CARRY4' [/ece/Xilinx/Vivado/2022.1/scripts/rt/data/unisim_comp.v:1486]
INFO: [Synth 8-6155] done synthesizing module 'CARRY4' (0#1) [/ece/Xilinx/Vivado/2022.1/scripts/rt/data/unisim_comp.v:1486]
INFO: [Synth 8-6157] synthesizing module 'SRLC32E' [/ece/Xilinx/Vivado/2022.1/scripts/rt/data/unisim_comp.v:106148]
INFO: [Synth 8-6155] done synthesizing module 'SRLC32E' (0#1) [/ece/Xilinx/Vivado/2022.1/scripts/rt/data/unisim_comp.v:106148]
INFO: [Synth 8-6157] synthesizing module 'SRL16E' [/ece/Xilinx/Vivado/2022.1/scripts/rt/data/unisim_comp.v:105998]
INFO: [Synth 8-6155] done synthesizing module 'SRL16E' (0#1) [/ece/Xilinx/Vivado/2022.1/scripts/rt/data/unisim_comp.v:105998]
INFO: [Synth 8-6157] synthesizing module 'SRLC16E' [/ece/Xilinx/Vivado/2022.1/scripts/rt/data/unisim_comp.v:106087]
INFO: [Synth 8-6155] done synthesizing module 'SRLC16E' (0#1) [/ece/Xilinx/Vivado/2022.1/scripts/rt/data/unisim_comp.v:106087]
INFO: [Synth 8-6157] synthesizing module 'FDRE' [/ece/Xilinx/Vivado/2022.1/scripts/rt/data/unisim_comp.v:27836]
INFO: [Synth 8-6155] done synthesizing module 'FDRE' (0#1) [/ece/Xilinx/Vivado/2022.1/scripts/rt/data/unisim_comp.v:27836]
WARNING: [Synth 8-7071] port 'clk_nobuf' of module 'ila_v6_2_12_ila' is unconnected for instance 'inst' [/home/cameronbarrett/ece194bb/project/final.gen/sources_1/bd/cpm/ip/cpm_ila_0_0/synth/cpm_ila_0_0.v:3225]
WARNING: [Synth 8-7071] port 'clkdiv_out' of module 'ila_v6_2_12_ila' is unconnected for instance 'inst' [/home/cameronbarrett/ece194bb/project/final.gen/sources_1/bd/cpm/ip/cpm_ila_0_0/synth/cpm_ila_0_0.v:3225]
WARNING: [Synth 8-7071] port 'trig_in' of module 'ila_v6_2_12_ila' is unconnected for instance 'inst' [/home/cameronbarrett/ece194bb/project/final.gen/sources_1/bd/cpm/ip/cpm_ila_0_0/synth/cpm_ila_0_0.v:3225]
WARNING: [Synth 8-7071] port 'trig_in_ack' of module 'ila_v6_2_12_ila' is unconnected for instance 'inst' [/home/cameronbarrett/ece194bb/project/final.gen/sources_1/bd/cpm/ip/cpm_ila_0_0/synth/cpm_ila_0_0.v:3225]
WARNING: [Synth 8-7071] port 'trig_out' of module 'ila_v6_2_12_ila' is unconnected for instance 'inst' [/home/cameronbarrett/ece194bb/project/final.gen/sources_1/bd/cpm/ip/cpm_ila_0_0/synth/cpm_ila_0_0.v:3225]
WARNING: [Synth 8-7071] port 'trig_out_ack' of module 'ila_v6_2_12_ila' is unconnected for instance 'inst' [/home/cameronbarrett/ece194bb/project/final.gen/sources_1/bd/cpm/ip/cpm_ila_0_0/synth/cpm_ila_0_0.v:3225]
WARNING: [Synth 8-7023] instance 'inst' of module 'ila_v6_2_12_ila' has 1033 connections declared, but only 1027 given [/home/cameronbarrett/ece194bb/project/final.gen/sources_1/bd/cpm/ip/cpm_ila_0_0/synth/cpm_ila_0_0.v:3225]
INFO: [Synth 8-6155] done synthesizing module 'cpm_ila_0_0' (0#1) [/home/cameronbarrett/ece194bb/project/final.gen/sources_1/bd/cpm/ip/cpm_ila_0_0/synth/cpm_ila_0_0.v:48]
WARNING: [Synth 8-3848] Net sl_iport0 in module/entity cpm_ila_0_0 does not have driver. [/home/cameronbarrett/ece194bb/project/final.gen/sources_1/bd/cpm/ip/cpm_ila_0_0/synth/cpm_ila_0_0.v:114]
WARNING: [Synth 8-7129] Port CLKB in module blk_mem_gen_v8_4_5_blk_mem_output_block is either unconnected or has no load
WARNING: [Synth 8-7129] Port DOUTA_I[124] in module blk_mem_gen_v8_4_5_blk_mem_output_block is either unconnected or has no load
WARNING: [Synth 8-7129] Port DOUTA_I[123] in module blk_mem_gen_v8_4_5_blk_mem_output_block is either unconnected or has no load
WARNING: [Synth 8-7129] Port DOUTA_I[122] in module blk_mem_gen_v8_4_5_blk_mem_output_block is either unconnected or has no load
WARNING: [Synth 8-7129] Port DOUTA_I[121] in module blk_mem_gen_v8_4_5_blk_mem_output_block is either unconnected or has no load
WARNING: [Synth 8-7129] Port DOUTA_I[120] in module blk_mem_gen_v8_4_5_blk_mem_output_block is either unconnected or has no load
WARNING: [Synth 8-7129] Port DOUTA_I[119] in module blk_mem_gen_v8_4_5_blk_mem_output_block is either unconnected or has no load
WARNING: [Synth 8-7129] Port DOUTA_I[118] in module blk_mem_gen_v8_4_5_blk_mem_output_block is either unconnected or has no load
WARNING: [Synth 8-7129] Port DOUTA_I[117] in module blk_mem_gen_v8_4_5_blk_mem_output_block is either unconnected or has no load
WARNING: [Synth 8-7129] Port DOUTA_I[116] in module blk_mem_gen_v8_4_5_blk_mem_output_block is either unconnected or has no load
WARNING: [Synth 8-7129] Port DOUTA_I[115] in module blk_mem_gen_v8_4_5_blk_mem_output_block is either unconnected or has no load
WARNING: [Synth 8-7129] Port DOUTA_I[114] in module blk_mem_gen_v8_4_5_blk_mem_output_block is either unconnected or has no load
WARNING: [Synth 8-7129] Port DOUTA_I[113] in module blk_mem_gen_v8_4_5_blk_mem_output_block is either unconnected or has no load
WARNING: [Synth 8-7129] Port DOUTA_I[112] in module blk_mem_gen_v8_4_5_blk_mem_output_block is either unconnected or has no load
WARNING: [Synth 8-7129] Port DOUTA_I[111] in module blk_mem_gen_v8_4_5_blk_mem_output_block is either unconnected or has no load
WARNING: [Synth 8-7129] Port DOUTA_I[110] in module blk_mem_gen_v8_4_5_blk_mem_output_block is either unconnected or has no load
WARNING: [Synth 8-7129] Port DOUTA_I[109] in module blk_mem_gen_v8_4_5_blk_mem_output_block is either unconnected or has no load
WARNING: [Synth 8-7129] Port DOUTA_I[108] in module blk_mem_gen_v8_4_5_blk_mem_output_block is either unconnected or has no load
WARNING: [Synth 8-7129] Port DOUTA_I[107] in module blk_mem_gen_v8_4_5_blk_mem_output_block is either unconnected or has no load
WARNING: [Synth 8-7129] Port DOUTA_I[106] in module blk_mem_gen_v8_4_5_blk_mem_output_block is either unconnected or has no load
WARNING: [Synth 8-7129] Port DOUTA_I[105] in module blk_mem_gen_v8_4_5_blk_mem_output_block is either unconnected or has no load
WARNING: [Synth 8-7129] Port DOUTA_I[104] in module blk_mem_gen_v8_4_5_blk_mem_output_block is either unconnected or has no load
WARNING: [Synth 8-7129] Port DOUTA_I[103] in module blk_mem_gen_v8_4_5_blk_mem_output_block is either unconnected or has no load
WARNING: [Synth 8-7129] Port DOUTA_I[102] in module blk_mem_gen_v8_4_5_blk_mem_output_block is either unconnected or has no load
WARNING: [Synth 8-7129] Port DOUTA_I[101] in module blk_mem_gen_v8_4_5_blk_mem_output_block is either unconnected or has no load
WARNING: [Synth 8-7129] Port DOUTA_I[100] in module blk_mem_gen_v8_4_5_blk_mem_output_block is either unconnected or has no load
WARNING: [Synth 8-7129] Port DOUTA_I[99] in module blk_mem_gen_v8_4_5_blk_mem_output_block is either unconnected or has no load
WARNING: [Synth 8-7129] Port DOUTA_I[98] in module blk_mem_gen_v8_4_5_blk_mem_output_block is either unconnected or has no load
WARNING: [Synth 8-7129] Port DOUTA_I[97] in module blk_mem_gen_v8_4_5_blk_mem_output_block is either unconnected or has no load
WARNING: [Synth 8-7129] Port DOUTA_I[96] in module blk_mem_gen_v8_4_5_blk_mem_output_block is either unconnected or has no load
WARNING: [Synth 8-7129] Port DOUTA_I[95] in module blk_mem_gen_v8_4_5_blk_mem_output_block is either unconnected or has no load
WARNING: [Synth 8-7129] Port DOUTA_I[94] in module blk_mem_gen_v8_4_5_blk_mem_output_block is either unconnected or has no load
WARNING: [Synth 8-7129] Port DOUTA_I[93] in module blk_mem_gen_v8_4_5_blk_mem_output_block is either unconnected or has no load
WARNING: [Synth 8-7129] Port DOUTA_I[92] in module blk_mem_gen_v8_4_5_blk_mem_output_block is either unconnected or has no load
WARNING: [Synth 8-7129] Port DOUTA_I[91] in module blk_mem_gen_v8_4_5_blk_mem_output_block is either unconnected or has no load
WARNING: [Synth 8-7129] Port DOUTA_I[90] in module blk_mem_gen_v8_4_5_blk_mem_output_block is either unconnected or has no load
WARNING: [Synth 8-7129] Port DOUTA_I[89] in module blk_mem_gen_v8_4_5_blk_mem_output_block is either unconnected or has no load
WARNING: [Synth 8-7129] Port DOUTA_I[88] in module blk_mem_gen_v8_4_5_blk_mem_output_block is either unconnected or has no load
WARNING: [Synth 8-7129] Port DOUTA_I[87] in module blk_mem_gen_v8_4_5_blk_mem_output_block is either unconnected or has no load
WARNING: [Synth 8-7129] Port DOUTA_I[86] in module blk_mem_gen_v8_4_5_blk_mem_output_block is either unconnected or has no load
WARNING: [Synth 8-7129] Port DOUTA_I[85] in module blk_mem_gen_v8_4_5_blk_mem_output_block is either unconnected or has no load
WARNING: [Synth 8-7129] Port DOUTA_I[84] in module blk_mem_gen_v8_4_5_blk_mem_output_block is either unconnected or has no load
WARNING: [Synth 8-7129] Port DOUTA_I[83] in module blk_mem_gen_v8_4_5_blk_mem_output_block is either unconnected or has no load
WARNING: [Synth 8-7129] Port DOUTA_I[82] in module blk_mem_gen_v8_4_5_blk_mem_output_block is either unconnected or has no load
WARNING: [Synth 8-7129] Port DOUTA_I[81] in module blk_mem_gen_v8_4_5_blk_mem_output_block is either unconnected or has no load
WARNING: [Synth 8-7129] Port DOUTA_I[80] in module blk_mem_gen_v8_4_5_blk_mem_output_block is either unconnected or has no load
WARNING: [Synth 8-7129] Port DOUTA_I[79] in module blk_mem_gen_v8_4_5_blk_mem_output_block is either unconnected or has no load
WARNING: [Synth 8-7129] Port DOUTA_I[78] in module blk_mem_gen_v8_4_5_blk_mem_output_block is either unconnected or has no load
WARNING: [Synth 8-7129] Port DOUTA_I[77] in module blk_mem_gen_v8_4_5_blk_mem_output_block is either unconnected or has no load
WARNING: [Synth 8-7129] Port DOUTA_I[76] in module blk_mem_gen_v8_4_5_blk_mem_output_block is either unconnected or has no load
WARNING: [Synth 8-7129] Port DOUTA_I[75] in module blk_mem_gen_v8_4_5_blk_mem_output_block is either unconnected or has no load
WARNING: [Synth 8-7129] Port DOUTA_I[74] in module blk_mem_gen_v8_4_5_blk_mem_output_block is either unconnected or has no load
WARNING: [Synth 8-7129] Port DOUTA_I[73] in module blk_mem_gen_v8_4_5_blk_mem_output_block is either unconnected or has no load
WARNING: [Synth 8-7129] Port DOUTA_I[72] in module blk_mem_gen_v8_4_5_blk_mem_output_block is either unconnected or has no load
WARNING: [Synth 8-7129] Port DOUTA_I[71] in module blk_mem_gen_v8_4_5_blk_mem_output_block is either unconnected or has no load
WARNING: [Synth 8-7129] Port DOUTA_I[70] in module blk_mem_gen_v8_4_5_blk_mem_output_block is either unconnected or has no load
WARNING: [Synth 8-7129] Port DOUTA_I[69] in module blk_mem_gen_v8_4_5_blk_mem_output_block is either unconnected or has no load
WARNING: [Synth 8-7129] Port DOUTA_I[68] in module blk_mem_gen_v8_4_5_blk_mem_output_block is either unconnected or has no load
WARNING: [Synth 8-7129] Port DOUTA_I[67] in module blk_mem_gen_v8_4_5_blk_mem_output_block is either unconnected or has no load
WARNING: [Synth 8-7129] Port DOUTA_I[66] in module blk_mem_gen_v8_4_5_blk_mem_output_block is either unconnected or has no load
WARNING: [Synth 8-7129] Port DOUTA_I[65] in module blk_mem_gen_v8_4_5_blk_mem_output_block is either unconnected or has no load
WARNING: [Synth 8-7129] Port DOUTA_I[64] in module blk_mem_gen_v8_4_5_blk_mem_output_block is either unconnected or has no load
WARNING: [Synth 8-7129] Port DOUTA_I[63] in module blk_mem_gen_v8_4_5_blk_mem_output_block is either unconnected or has no load
WARNING: [Synth 8-7129] Port DOUTA_I[62] in module blk_mem_gen_v8_4_5_blk_mem_output_block is either unconnected or has no load
WARNING: [Synth 8-7129] Port DOUTA_I[61] in module blk_mem_gen_v8_4_5_blk_mem_output_block is either unconnected or has no load
WARNING: [Synth 8-7129] Port DOUTA_I[60] in module blk_mem_gen_v8_4_5_blk_mem_output_block is either unconnected or has no load
WARNING: [Synth 8-7129] Port DOUTA_I[59] in module blk_mem_gen_v8_4_5_blk_mem_output_block is either unconnected or has no load
WARNING: [Synth 8-7129] Port DOUTA_I[58] in module blk_mem_gen_v8_4_5_blk_mem_output_block is either unconnected or has no load
WARNING: [Synth 8-7129] Port DOUTA_I[57] in module blk_mem_gen_v8_4_5_blk_mem_output_block is either unconnected or has no load
WARNING: [Synth 8-7129] Port DOUTA_I[56] in module blk_mem_gen_v8_4_5_blk_mem_output_block is either unconnected or has no load
WARNING: [Synth 8-7129] Port DOUTA_I[55] in module blk_mem_gen_v8_4_5_blk_mem_output_block is either unconnected or has no load
WARNING: [Synth 8-7129] Port DOUTA_I[54] in module blk_mem_gen_v8_4_5_blk_mem_output_block is either unconnected or has no load
WARNING: [Synth 8-7129] Port DOUTA_I[53] in module blk_mem_gen_v8_4_5_blk_mem_output_block is either unconnected or has no load
WARNING: [Synth 8-7129] Port DOUTA_I[52] in module blk_mem_gen_v8_4_5_blk_mem_output_block is either unconnected or has no load
WARNING: [Synth 8-7129] Port DOUTA_I[51] in module blk_mem_gen_v8_4_5_blk_mem_output_block is either unconnected or has no load
WARNING: [Synth 8-7129] Port DOUTA_I[50] in module blk_mem_gen_v8_4_5_blk_mem_output_block is either unconnected or has no load
WARNING: [Synth 8-7129] Port DOUTA_I[49] in module blk_mem_gen_v8_4_5_blk_mem_output_block is either unconnected or has no load
WARNING: [Synth 8-7129] Port DOUTA_I[48] in module blk_mem_gen_v8_4_5_blk_mem_output_block is either unconnected or has no load
WARNING: [Synth 8-7129] Port DOUTA_I[47] in module blk_mem_gen_v8_4_5_blk_mem_output_block is either unconnected or has no load
WARNING: [Synth 8-7129] Port DOUTA_I[46] in module blk_mem_gen_v8_4_5_blk_mem_output_block is either unconnected or has no load
WARNING: [Synth 8-7129] Port DOUTA_I[45] in module blk_mem_gen_v8_4_5_blk_mem_output_block is either unconnected or has no load
WARNING: [Synth 8-7129] Port DOUTA_I[44] in module blk_mem_gen_v8_4_5_blk_mem_output_block is either unconnected or has no load
WARNING: [Synth 8-7129] Port DOUTA_I[43] in module blk_mem_gen_v8_4_5_blk_mem_output_block is either unconnected or has no load
WARNING: [Synth 8-7129] Port DOUTA_I[42] in module blk_mem_gen_v8_4_5_blk_mem_output_block is either unconnected or has no load
WARNING: [Synth 8-7129] Port DOUTA_I[41] in module blk_mem_gen_v8_4_5_blk_mem_output_block is either unconnected or has no load
WARNING: [Synth 8-7129] Port DOUTA_I[40] in module blk_mem_gen_v8_4_5_blk_mem_output_block is either unconnected or has no load
WARNING: [Synth 8-7129] Port DOUTA_I[39] in module blk_mem_gen_v8_4_5_blk_mem_output_block is either unconnected or has no load
WARNING: [Synth 8-7129] Port DOUTA_I[38] in module blk_mem_gen_v8_4_5_blk_mem_output_block is either unconnected or has no load
WARNING: [Synth 8-7129] Port DOUTA_I[37] in module blk_mem_gen_v8_4_5_blk_mem_output_block is either unconnected or has no load
WARNING: [Synth 8-7129] Port DOUTA_I[36] in module blk_mem_gen_v8_4_5_blk_mem_output_block is either unconnected or has no load
WARNING: [Synth 8-7129] Port DOUTA_I[35] in module blk_mem_gen_v8_4_5_blk_mem_output_block is either unconnected or has no load
WARNING: [Synth 8-7129] Port DOUTA_I[34] in module blk_mem_gen_v8_4_5_blk_mem_output_block is either unconnected or has no load
WARNING: [Synth 8-7129] Port DOUTA_I[33] in module blk_mem_gen_v8_4_5_blk_mem_output_block is either unconnected or has no load
WARNING: [Synth 8-7129] Port DOUTA_I[32] in module blk_mem_gen_v8_4_5_blk_mem_output_block is either unconnected or has no load
WARNING: [Synth 8-7129] Port DOUTA_I[31] in module blk_mem_gen_v8_4_5_blk_mem_output_block is either unconnected or has no load
WARNING: [Synth 8-7129] Port DOUTA_I[30] in module blk_mem_gen_v8_4_5_blk_mem_output_block is either unconnected or has no load
WARNING: [Synth 8-7129] Port DOUTA_I[29] in module blk_mem_gen_v8_4_5_blk_mem_output_block is either unconnected or has no load
WARNING: [Synth 8-7129] Port DOUTA_I[28] in module blk_mem_gen_v8_4_5_blk_mem_output_block is either unconnected or has no load
WARNING: [Synth 8-7129] Port DOUTA_I[27] in module blk_mem_gen_v8_4_5_blk_mem_output_block is either unconnected or has no load
WARNING: [Synth 8-7129] Port DOUTA_I[26] in module blk_mem_gen_v8_4_5_blk_mem_output_block is either unconnected or has no load
INFO: [Common 17-14] Message 'Synth 8-7129' appears 100 times and further instances of the messages will be disabled. Use the Tcl command set_msg_config to change the current settings.
---------------------------------------------------------------------------------
Finished RTL Elaboration : Time (s): cpu = 00:00:29 ; elapsed = 00:00:32 . Memory (MB): peak = 3407.762 ; gain = 297.535 ; free physical = 3156 ; free virtual = 19241
---------------------------------------------------------------------------------
---------------------------------------------------------------------------------
Start Handling Custom Attributes
---------------------------------------------------------------------------------
---------------------------------------------------------------------------------
Finished Handling Custom Attributes : Time (s): cpu = 00:00:29 ; elapsed = 00:00:32 . Memory (MB): peak = 3407.762 ; gain = 297.535 ; free physical = 3156 ; free virtual = 19241
---------------------------------------------------------------------------------
---------------------------------------------------------------------------------
Finished RTL Optimization Phase 1 : Time (s): cpu = 00:00:29 ; elapsed = 00:00:32 . Memory (MB): peak = 3407.762 ; gain = 297.535 ; free physical = 3156 ; free virtual = 19241
---------------------------------------------------------------------------------
Netlist sorting complete. Time (s): cpu = 00:00:00.08 ; elapsed = 00:00:00.08 . Memory (MB): peak = 3407.762 ; gain = 0.000 ; free physical = 3133 ; free virtual = 19218
INFO: [Netlist 29-17] Analyzing 170 Unisim elements for replacement
INFO: [Netlist 29-28] Unisim Transformation completed in 0 CPU seconds
INFO: [Project 1-570] Preparing netlist for logic optimization

Processing XDC Constraints
Initializing timing engine
Parsing XDC File [/home/cameronbarrett/ece194bb/project/final.gen/sources_1/bd/cpm/ip/cpm_ila_0_0/cpm_ila_0_0_ooc.xdc] for cell 'inst'
Finished Parsing XDC File [/home/cameronbarrett/ece194bb/project/final.gen/sources_1/bd/cpm/ip/cpm_ila_0_0/cpm_ila_0_0_ooc.xdc] for cell 'inst'
Parsing XDC File [/home/cameronbarrett/ece194bb/project/final.gen/sources_1/bd/cpm/ip/cpm_ila_0_0/ila_v6_2/constraints/ila.xdc] for cell 'inst'
Finished Parsing XDC File [/home/cameronbarrett/ece194bb/project/final.gen/sources_1/bd/cpm/ip/cpm_ila_0_0/ila_v6_2/constraints/ila.xdc] for cell 'inst'
Parsing XDC File [/home/cameronbarrett/ece194bb/project/final.runs/cpm_ila_0_0_synth_1/dont_touch.xdc]
Finished Parsing XDC File [/home/cameronbarrett/ece194bb/project/final.runs/cpm_ila_0_0_synth_1/dont_touch.xdc]
Completed Processing XDC Constraints

Netlist sorting complete. Time (s): cpu = 00:00:00 ; elapsed = 00:00:00 . Memory (MB): peak = 3459.285 ; gain = 0.000 ; free physical = 3049 ; free virtual = 19135
INFO: [Project 1-111] Unisim Transformation Summary:
  A total of 117 instances were transformed.
  CFGLUT5 => CFGLUT5 (SRL16E, SRLC32E): 104 instances
  CFGLUT5 => SRLC32E: 13 instances

Constraint Validation Runtime : Time (s): cpu = 00:00:00.1 ; elapsed = 00:00:00.09 . Memory (MB): peak = 3459.285 ; gain = 0.000 ; free physical = 3048 ; free virtual = 19134
INFO: [Designutils 20-5008] Incremental synthesis strategy off
---------------------------------------------------------------------------------
Finished Constraint Validation : Time (s): cpu = 00:00:37 ; elapsed = 00:00:41 . Memory (MB): peak = 3459.285 ; gain = 349.059 ; free physical = 3158 ; free virtual = 19244
---------------------------------------------------------------------------------
---------------------------------------------------------------------------------
Start Loading Part and Timing Information
---------------------------------------------------------------------------------
Loading part: xc7a100tcsg324-1
---------------------------------------------------------------------------------
Finished Loading Part and Timing Information : Time (s): cpu = 00:00:37 ; elapsed = 00:00:41 . Memory (MB): peak = 3459.285 ; gain = 349.059 ; free physical = 3158 ; free virtual = 19244
---------------------------------------------------------------------------------
---------------------------------------------------------------------------------
Start Applying 'set_property' XDC Constraints
---------------------------------------------------------------------------------
Applied set_property KEEP_HIERARCHY = SOFT for inst. (constraint file  /home/cameronbarrett/ece194bb/project/final.runs/cpm_ila_0_0_synth_1/dont_touch.xdc, line 9).
---------------------------------------------------------------------------------
Finished applying 'set_property' XDC Constraints : Time (s): cpu = 00:00:37 ; elapsed = 00:00:41 . Memory (MB): peak = 3459.285 ; gain = 349.059 ; free physical = 3158 ; free virtual = 19244
---------------------------------------------------------------------------------
INFO: [Synth 8-802] inferred FSM for state register 'current_state_reg' in module 'xsdbs_v1_0_2_reg_p2s'
INFO: [Synth 8-802] inferred FSM for state register 'current_state_reg' in module 'xsdbs_v1_0_2_reg_p2s__parameterized0'
INFO: [Synth 8-802] inferred FSM for state register 'current_state_reg' in module 'xsdbs_v1_0_2_reg_p2s__parameterized1'
INFO: [Synth 8-802] inferred FSM for state register 'current_state_reg' in module 'xsdbs_v1_0_2_reg_p2s__parameterized2'
INFO: [Synth 8-802] inferred FSM for state register 'current_state_reg' in module 'xsdbs_v1_0_2_reg_p2s__parameterized3'
INFO: [Synth 8-802] inferred FSM for state register 'current_state_reg' in module 'xsdbs_v1_0_2_reg_p2s__parameterized4'
INFO: [Synth 8-802] inferred FSM for state register 'current_state_reg' in module 'xsdbs_v1_0_2_reg_p2s__parameterized5'
INFO: [Synth 8-802] inferred FSM for state register 'current_state_reg' in module 'xsdbs_v1_0_2_reg_p2s__parameterized6'
INFO: [Synth 8-802] inferred FSM for state register 'current_state_reg' in module 'xsdbs_v1_0_2_reg_p2s__parameterized7'
INFO: [Synth 8-802] inferred FSM for state register 'current_state_reg' in module 'xsdbs_v1_0_2_reg_p2s__parameterized8'
INFO: [Synth 8-802] inferred FSM for state register 'current_state_reg' in module 'xsdbs_v1_0_2_reg_p2s__parameterized9'
INFO: [Synth 8-802] inferred FSM for state register 'current_state_reg' in module 'ltlib_v1_0_0_generic_memrd'
---------------------------------------------------------------------------------------------------
                   State |                     New Encoding |                Previous Encoding 
---------------------------------------------------------------------------------------------------
*
                    IDLE |                             0001 |                             0001
                     REG |                             0010 |                             0010
                     P2S |                             0100 |                             0100
                     S2P |                             1000 |                             1000
---------------------------------------------------------------------------------------------------
INFO: [Synth 8-3898] No Re-encoding of one hot register 'current_state_reg' in module 'xsdbs_v1_0_2_reg_p2s'
---------------------------------------------------------------------------------------------------
                   State |                     New Encoding |                Previous Encoding 
---------------------------------------------------------------------------------------------------
*
                    IDLE |                             0001 |                             0001
                     REG |                             0010 |                             0010
                     P2S |                             0100 |                             0100
                     S2P |                             1000 |                             1000
---------------------------------------------------------------------------------------------------
INFO: [Synth 8-3898] No Re-encoding of one hot register 'current_state_reg' in module 'xsdbs_v1_0_2_reg_p2s__parameterized0'
---------------------------------------------------------------------------------------------------
                   State |                     New Encoding |                Previous Encoding 
---------------------------------------------------------------------------------------------------
*
                    IDLE |                             0001 |                             0001
                     REG |                             0010 |                             0010
                     P2S |                             0100 |                             0100
                     S2P |                             1000 |                             1000
---------------------------------------------------------------------------------------------------
INFO: [Synth 8-3898] No Re-encoding of one hot register 'current_state_reg' in module 'xsdbs_v1_0_2_reg_p2s__parameterized1'
---------------------------------------------------------------------------------------------------
                   State |                     New Encoding |                Previous Encoding 
---------------------------------------------------------------------------------------------------
*
                    IDLE |                             0001 |                             0001
                     REG |                             0010 |                             0010
                     P2S |                             0100 |                             0100
                     S2P |                             1000 |                             1000
---------------------------------------------------------------------------------------------------
INFO: [Synth 8-3898] No Re-encoding of one hot register 'current_state_reg' in module 'xsdbs_v1_0_2_reg_p2s__parameterized2'
---------------------------------------------------------------------------------------------------
                   State |                     New Encoding |                Previous Encoding 
---------------------------------------------------------------------------------------------------
*
                    IDLE |                             0001 |                             0001
                     REG |                             0010 |                             0010
                     P2S |                             0100 |                             0100
                     S2P |                             1000 |                             1000
---------------------------------------------------------------------------------------------------
INFO: [Synth 8-3898] No Re-encoding of one hot register 'current_state_reg' in module 'xsdbs_v1_0_2_reg_p2s__parameterized3'
---------------------------------------------------------------------------------------------------
                   State |                     New Encoding |                Previous Encoding 
---------------------------------------------------------------------------------------------------
*
                    IDLE |                             0001 |                             0001
                     REG |                             0010 |                             0010
                     P2S |                             0100 |                             0100
                     S2P |                             1000 |                             1000
---------------------------------------------------------------------------------------------------
INFO: [Synth 8-3898] No Re-encoding of one hot register 'current_state_reg' in module 'xsdbs_v1_0_2_reg_p2s__parameterized4'
---------------------------------------------------------------------------------------------------
                   State |                     New Encoding |                Previous Encoding 
---------------------------------------------------------------------------------------------------
*
                    IDLE |                             0001 |                             0001
                     REG |                             0010 |                             0010
                     P2S |                             0100 |                             0100
                     S2P |                             1000 |                             1000
---------------------------------------------------------------------------------------------------
INFO: [Synth 8-3898] No Re-encoding of one hot register 'current_state_reg' in module 'xsdbs_v1_0_2_reg_p2s__parameterized5'
---------------------------------------------------------------------------------------------------
                   State |                     New Encoding |                Previous Encoding 
---------------------------------------------------------------------------------------------------
*
                    IDLE |                             0001 |                             0001
                     REG |                             0010 |                             0010
                     P2S |                             0100 |                             0100
                     S2P |                             1000 |                             1000
---------------------------------------------------------------------------------------------------
INFO: [Synth 8-3898] No Re-encoding of one hot register 'current_state_reg' in module 'xsdbs_v1_0_2_reg_p2s__parameterized6'
---------------------------------------------------------------------------------------------------
                   State |                     New Encoding |                Previous Encoding 
---------------------------------------------------------------------------------------------------
*
                    IDLE |                             0001 |                             0001
                     REG |                             0010 |                             0010
                     P2S |                             0100 |                             0100
                     S2P |                             1000 |                             1000
---------------------------------------------------------------------------------------------------
INFO: [Synth 8-3898] No Re-encoding of one hot register 'current_state_reg' in module 'xsdbs_v1_0_2_reg_p2s__parameterized7'
---------------------------------------------------------------------------------------------------
                   State |                     New Encoding |                Previous Encoding 
---------------------------------------------------------------------------------------------------
*
                    IDLE |                             0001 |                             0001
                     REG |                             0010 |                             0010
                     P2S |                             0100 |                             0100
                     S2P |                             1000 |                             1000
---------------------------------------------------------------------------------------------------
INFO: [Synth 8-3898] No Re-encoding of one hot register 'current_state_reg' in module 'xsdbs_v1_0_2_reg_p2s__parameterized8'
---------------------------------------------------------------------------------------------------
                   State |                     New Encoding |                Previous Encoding 
---------------------------------------------------------------------------------------------------
*
                    IDLE |                             0001 |                             0001
                     REG |                             0010 |                             0010
                     P2S |                             0100 |                             0100
                     S2P |                             1000 |                             1000
---------------------------------------------------------------------------------------------------
INFO: [Synth 8-3898] No Re-encoding of one hot register 'current_state_reg' in module 'xsdbs_v1_0_2_reg_p2s__parameterized9'
---------------------------------------------------------------------------------------------------
                   State |                     New Encoding |                Previous Encoding 
---------------------------------------------------------------------------------------------------
*
              RESET_ADDR |                          0000001 |                          0000001
            REQUEST_READ |                          0000010 |                          0000010
           WAIT_READ_ACK |                          0000100 |                          0000100
             OUTPUT_DATA |                          0001000 |                          0001000
                    IDLE |                          0010000 |                          0010000
         INCREMENT_BLOCK |                          0100000 |                          0100000
       INCREMENT_ADDRESS |                          1000000 |                          1000000
---------------------------------------------------------------------------------------------------
INFO: [Synth 8-3898] No Re-encoding of one hot register 'current_state_reg' in module 'ltlib_v1_0_0_generic_memrd'
---------------------------------------------------------------------------------
Finished RTL Optimization Phase 2 : Time (s): cpu = 00:00:39 ; elapsed = 00:00:44 . Memory (MB): peak = 3459.285 ; gain = 349.059 ; free physical = 3151 ; free virtual = 19240
---------------------------------------------------------------------------------
---------------------------------------------------------------------------------
Start RTL Component Statistics 
---------------------------------------------------------------------------------
---------------------------------------------------------------------------------
Finished RTL Component Statistics 
---------------------------------------------------------------------------------
---------------------------------------------------------------------------------
Start Part Resource Summary
---------------------------------------------------------------------------------
Part Resources:
DSPs: 240 (col length:80)
BRAMs: 270 (col length: RAMB18 80 RAMB36 40)
---------------------------------------------------------------------------------
Finished Part Resource Summary
---------------------------------------------------------------------------------
---------------------------------------------------------------------------------
Start Cross Boundary and Area Optimization
---------------------------------------------------------------------------------
WARNING: [Synth 8-7080] Parallel synthesis criteria is not met
---------------------------------------------------------------------------------
Finished Cross Boundary and Area Optimization : Time (s): cpu = 00:00:52 ; elapsed = 00:00:58 . Memory (MB): peak = 3467.293 ; gain = 357.066 ; free physical = 3125 ; free virtual = 19227
---------------------------------------------------------------------------------
---------------------------------------------------------------------------------
Start Applying XDC Timing Constraints
---------------------------------------------------------------------------------
---------------------------------------------------------------------------------
Finished Applying XDC Timing Constraints : Time (s): cpu = 00:00:59 ; elapsed = 00:01:04 . Memory (MB): peak = 3467.293 ; gain = 357.066 ; free physical = 3013 ; free virtual = 19115
---------------------------------------------------------------------------------
---------------------------------------------------------------------------------
Start Timing Optimization
---------------------------------------------------------------------------------
---------------------------------------------------------------------------------
Finished Timing Optimization : Time (s): cpu = 00:00:59 ; elapsed = 00:01:05 . Memory (MB): peak = 3467.293 ; gain = 357.066 ; free physical = 3010 ; free virtual = 19112
---------------------------------------------------------------------------------
---------------------------------------------------------------------------------
Start Technology Mapping
---------------------------------------------------------------------------------
---------------------------------------------------------------------------------
Finished Technology Mapping : Time (s): cpu = 00:01:00 ; elapsed = 00:01:07 . Memory (MB): peak = 3467.293 ; gain = 357.066 ; free physical = 3007 ; free virtual = 19110
---------------------------------------------------------------------------------
---------------------------------------------------------------------------------
Start IO Insertion
---------------------------------------------------------------------------------
---------------------------------------------------------------------------------
Start Flattening Before IO Insertion
---------------------------------------------------------------------------------
---------------------------------------------------------------------------------
Finished Flattening Before IO Insertion
---------------------------------------------------------------------------------
---------------------------------------------------------------------------------
Start Final Netlist Cleanup
---------------------------------------------------------------------------------
---------------------------------------------------------------------------------
Finished Final Netlist Cleanup
---------------------------------------------------------------------------------
INFO: [Synth 8-3295] tying undriven pin dummy_inferred:in0 to constant 0
INFO: [Synth 8-3295] tying undriven pin inst:sl_iport0[36] to constant 0
INFO: [Synth 8-3295] tying undriven pin inst:sl_iport0[35] to constant 0
INFO: [Synth 8-3295] tying undriven pin inst:sl_iport0[34] to constant 0
INFO: [Synth 8-3295] tying undriven pin inst:sl_iport0[33] to constant 0
INFO: [Synth 8-3295] tying undriven pin inst:sl_iport0[32] to constant 0
INFO: [Synth 8-3295] tying undriven pin inst:sl_iport0[31] to constant 0
INFO: [Synth 8-3295] tying undriven pin inst:sl_iport0[30] to constant 0
INFO: [Synth 8-3295] tying undriven pin inst:sl_iport0[29] to constant 0
INFO: [Synth 8-3295] tying undriven pin inst:sl_iport0[28] to constant 0
INFO: [Synth 8-3295] tying undriven pin inst:sl_iport0[27] to constant 0
INFO: [Synth 8-3295] tying undriven pin inst:sl_iport0[26] to constant 0
INFO: [Synth 8-3295] tying undriven pin inst:sl_iport0[25] to constant 0
INFO: [Synth 8-3295] tying undriven pin inst:sl_iport0[24] to constant 0
INFO: [Synth 8-3295] tying undriven pin inst:sl_iport0[23] to constant 0
INFO: [Synth 8-3295] tying undriven pin inst:sl_iport0[22] to constant 0
INFO: [Synth 8-3295] tying undriven pin inst:sl_iport0[21] to constant 0
INFO: [Synth 8-3295] tying undriven pin inst:sl_iport0[20] to constant 0
INFO: [Synth 8-3295] tying undriven pin inst:sl_iport0[19] to constant 0
INFO: [Synth 8-3295] tying undriven pin inst:sl_iport0[18] to constant 0
INFO: [Synth 8-3295] tying undriven pin inst:sl_iport0[17] to constant 0
INFO: [Synth 8-3295] tying undriven pin inst:sl_iport0[16] to constant 0
INFO: [Synth 8-3295] tying undriven pin inst:sl_iport0[15] to constant 0
INFO: [Synth 8-3295] tying undriven pin inst:sl_iport0[14] to constant 0
INFO: [Synth 8-3295] tying undriven pin inst:sl_iport0[13] to constant 0
INFO: [Synth 8-3295] tying undriven pin inst:sl_iport0[12] to constant 0
INFO: [Synth 8-3295] tying undriven pin inst:sl_iport0[11] to constant 0
INFO: [Synth 8-3295] tying undriven pin inst:sl_iport0[10] to constant 0
INFO: [Synth 8-3295] tying undriven pin inst:sl_iport0[9] to constant 0
INFO: [Synth 8-3295] tying undriven pin inst:sl_iport0[8] to constant 0
INFO: [Synth 8-3295] tying undriven pin inst:sl_iport0[7] to constant 0
INFO: [Synth 8-3295] tying undriven pin inst:sl_iport0[6] to constant 0
INFO: [Synth 8-3295] tying undriven pin inst:sl_iport0[5] to constant 0
INFO: [Synth 8-3295] tying undriven pin inst:sl_iport0[4] to constant 0
INFO: [Synth 8-3295] tying undriven pin inst:sl_iport0[3] to constant 0
INFO: [Synth 8-3295] tying undriven pin inst:sl_iport0[2] to constant 0
INFO: [Synth 8-3295] tying undriven pin inst:sl_iport0[1] to constant 0
INFO: [Synth 8-3295] tying undriven pin inst:sl_iport0[0] to constant 0
INFO: [Synth 8-3295] tying undriven pin inst:trig_in to constant 0
INFO: [Synth 8-3295] tying undriven pin inst:trig_out_ack to constant 0
---------------------------------------------------------------------------------
Finished IO Insertion : Time (s): cpu = 00:01:04 ; elapsed = 00:01:11 . Memory (MB): peak = 3467.293 ; gain = 357.066 ; free physical = 3008 ; free virtual = 19111
---------------------------------------------------------------------------------
---------------------------------------------------------------------------------
Start Renaming Generated Instances
---------------------------------------------------------------------------------
---------------------------------------------------------------------------------
Finished Renaming Generated Instances : Time (s): cpu = 00:01:04 ; elapsed = 00:01:11 . Memory (MB): peak = 3467.293 ; gain = 357.066 ; free physical = 3008 ; free virtual = 19111
---------------------------------------------------------------------------------
---------------------------------------------------------------------------------
Start Rebuilding User Hierarchy
---------------------------------------------------------------------------------
---------------------------------------------------------------------------------
Finished Rebuilding User Hierarchy : Time (s): cpu = 00:01:05 ; elapsed = 00:01:11 . Memory (MB): peak = 3467.293 ; gain = 357.066 ; free physical = 3008 ; free virtual = 19111
---------------------------------------------------------------------------------
---------------------------------------------------------------------------------
Start Renaming Generated Ports
---------------------------------------------------------------------------------
---------------------------------------------------------------------------------
Finished Renaming Generated Ports : Time (s): cpu = 00:01:05 ; elapsed = 00:01:11 . Memory (MB): peak = 3467.293 ; gain = 357.066 ; free physical = 3008 ; free virtual = 19111
---------------------------------------------------------------------------------
---------------------------------------------------------------------------------
Start Handling Custom Attributes
---------------------------------------------------------------------------------
---------------------------------------------------------------------------------
Finished Handling Custom Attributes : Time (s): cpu = 00:01:05 ; elapsed = 00:01:11 . Memory (MB): peak = 3467.293 ; gain = 357.066 ; free physical = 3008 ; free virtual = 19111
---------------------------------------------------------------------------------
---------------------------------------------------------------------------------
Start Renaming Generated Nets
---------------------------------------------------------------------------------
---------------------------------------------------------------------------------
Finished Renaming Generated Nets : Time (s): cpu = 00:01:05 ; elapsed = 00:01:11 . Memory (MB): peak = 3467.293 ; gain = 357.066 ; free physical = 3008 ; free virtual = 19111
---------------------------------------------------------------------------------
---------------------------------------------------------------------------------
Start Writing Synthesis Report
---------------------------------------------------------------------------------

Report BlackBoxes: 
+-+--------------+----------+
| |BlackBox name |Instances |
+-+--------------+----------+
+-+--------------+----------+

Report Cell Usage: 
+------+---------+------+
|      |Cell     |Count |
+------+---------+------+
|1     |CARRY4   |    48|
|2     |CFGLUT5  |   117|
|3     |LUT1     |    36|
|4     |LUT2     |   152|
|5     |LUT3     |   109|
|6     |LUT4     |   153|
|7     |LUT5     |   105|
|8     |LUT6     |   565|
|9     |MUXF7    |    20|
|10    |RAMB36E1 |    14|
|11    |SRL16E   |   128|
|12    |SRLC16E  |     2|
|13    |SRLC32E  |    17|
|14    |FDRE     |  1953|
|15    |FDSE     |    10|
+------+---------+------+
---------------------------------------------------------------------------------
Finished Writing Synthesis Report : Time (s): cpu = 00:01:05 ; elapsed = 00:01:11 . Memory (MB): peak = 3467.293 ; gain = 357.066 ; free physical = 3008 ; free virtual = 19111
---------------------------------------------------------------------------------
Synthesis finished with 0 errors, 0 critical warnings and 3148 warnings.
Synthesis Optimization Runtime : Time (s): cpu = 00:01:01 ; elapsed = 00:01:08 . Memory (MB): peak = 3467.293 ; gain = 305.543 ; free physical = 3058 ; free virtual = 19161
Synthesis Optimization Complete : Time (s): cpu = 00:01:05 ; elapsed = 00:01:11 . Memory (MB): peak = 3467.301 ; gain = 357.066 ; free physical = 3058 ; free virtual = 19161
INFO: [Project 1-571] Translating synthesized netlist
Netlist sorting complete. Time (s): cpu = 00:00:00.05 ; elapsed = 00:00:00.04 . Memory (MB): peak = 3467.301 ; gain = 0.000 ; free physical = 3162 ; free virtual = 19264
INFO: [Netlist 29-17] Analyzing 199 Unisim elements for replacement
INFO: [Netlist 29-28] Unisim Transformation completed in 0 CPU seconds
INFO: [Project 1-570] Preparing netlist for logic optimization
INFO: [Opt 31-138] Pushed 0 inverter(s) to 0 load pin(s).
Netlist sorting complete. Time (s): cpu = 00:00:00 ; elapsed = 00:00:00 . Memory (MB): peak = 3467.301 ; gain = 0.000 ; free physical = 3098 ; free virtual = 19201
INFO: [Project 1-111] Unisim Transformation Summary:
  A total of 117 instances were transformed.
  CFGLUT5 => CFGLUT5 (SRL16E, SRLC32E): 104 instances
  CFGLUT5 => SRLC32E: 13 instances

Synth Design complete, checksum: 64b1799
INFO: [Common 17-83] Releasing license: Synthesis
96 Infos, 120 Warnings, 0 Critical Warnings and 0 Errors encountered.
synth_design completed successfully
synth_design: Time (s): cpu = 00:01:14 ; elapsed = 00:01:17 . Memory (MB): peak = 3467.301 ; gain = 361.246 ; free physical = 3183 ; free virtual = 19286
INFO: [Common 17-1381] The checkpoint '/home/cameronbarrett/ece194bb/project/final.runs/cpm_ila_0_0_synth_1/cpm_ila_0_0.dcp' has been generated.
INFO: [Coretcl 2-1648] Added synthesis output to IP cache for IP cpm_ila_0_0, cache-ID = 4ff5832f000032e8
INFO: [Coretcl 2-1174] Renamed 179 cell refs.
INFO: [Common 17-1381] The checkpoint '/home/cameronbarrett/ece194bb/project/final.runs/cpm_ila_0_0_synth_1/cpm_ila_0_0.dcp' has been generated.
INFO: [runtcl-4] Executing : report_utilization -file cpm_ila_0_0_utilization_synth.rpt -pb cpm_ila_0_0_utilization_synth.pb
INFO: [Common 17-206] Exiting Vivado at Sat Jun  7 22:05:47 2025...
